<?xml version="1.0" encoding="UTF-8"?>
<!-- Generated by org.testng.reporters.JUnitXMLReporter -->
<testsuite ignored="2" hostname="DESKTOP-VBL10S0" failures="0" tests="1" name="Default test(failed)" time="24.082" errors="0" timestamp="2022-08-23T16:51:24 IST">
  <testcase classname="testBase.OrderPageTest" name="verifyGetstartedText" time="3.67"/>
  <testcase classname="testBase.OrderPageTest" name="verifyByOrderTest" time="0.0">
    <ignored/>
  </testcase> <!-- verifyByOrderTest -->
  <testcase classname="testBase.OrderPageTest" name="verifyHistoryTest" time="0.0">
    <ignored/>
  </testcase> <!-- verifyHistoryTest -->
</testsuite> <!-- Default test(failed) -->
