<?xml version="1.0" encoding="UTF-8"?>
<!-- Generated by org.testng.reporters.JUnitXMLReporter -->
<testsuite ignored="0" hostname="DESKTOP-VBL10S0" failures="0" tests="3" name="Default test" time="161.296" errors="0" timestamp="2022-08-23T17:51:41 IST">
  <testcase classname="testBase.OrderPageTest" name="verifyByOrderTest" time="13.59"/>
  <testcase classname="testBase.OrderPageTest" name="verifyGetstartedText" time="8.568"/>
  <testcase classname="testBase.OrderPageTest" name="verifyHistoryTest" time="11.298"/>
</testsuite> <!-- Default test -->
